Color: B
[[Model]]
    Model(g)
[[Fit Statistics]]
    # function evals   = 22
    # data points      = 155
    # variables        = 2
    chi-square         = 19.030
    reduced chi-square = 0.124
[[Variables]]
    C:     0.828906 (fixed)
    wxy:   0.30449025 +/- 0.001148 (0.38%) (init= 0.3)
    D:     419.01 (fixed)
    wz:    2.83671199 +/- 0.012522 (0.44%) (init= 1)
[[Correlations]] (unreported correlations are <  0.100)
    C(wxy, wz)                   = -0.890 
[[Model]]
    Model(g_t)
[[Fit Statistics]]
    # function evals   = 36
    # data points      = 155
    # variables        = 4
    chi-square         = 19.030
    reduced chi-square = 0.126
[[Variables]]
    C:     0.828906 (fixed)
    D:     419.01 (fixed)
    F:     0.10000000 +/- 0        (0.00%) (init= 0.1)
    wxy:   0.30449025 +/- 0        (0.00%) (init= 0.3)
    tf:    1.0000e-09 +/- 0        (0.00%) (init= 1e-09)
    wz:    2.83671199 +/- 0        (0.00%) (init= 1)
[[Correlations]] (unreported correlations are <  0.100)
[[Model]]
    Model(g_n)
[[Fit Statistics]]
    # function evals   = 16
    # data points      = 155
    # variables        = 2
    chi-square         = 19.156
    reduced chi-square = 0.125
[[Variables]]
    a:          0.522 (fixed)
    C:          0.828906 (fixed)
    r0:         0.17329079 +/- 0.000415 (0.24%) (init= 0.15)
    D:          419.01 (fixed)
    lambdaem:   0.519 (fixed)
    w0:         0.24573690 +/- 0.002173 (0.88%) (init= 0.26)
    lambdaex:   0.488 (fixed)
    n:          1.33 (fixed)
[[Correlations]] (unreported correlations are <  0.100)
    C(r0, w0)                    = -0.778 
[[Model]]
    Model(g_nt)
[[Fit Statistics]]
    # function evals   = 6
    # data points      = 155
    # variables        = 4
    chi-square         = 19.156
    reduced chi-square = 0.127
[[Variables]]
    a:          0.522 (fixed)
    C:          0.828906 (fixed)
    r0:         0.17329057 +/- 0        (0.00%) (init= 0.1732908)
    D:          419.01 (fixed)
    F:          0.10000000 +/- 0        (0.00%) (init= 0.1)
    lambdaem:   0.519 (fixed)
    w0:         0.24573786 +/- 0        (0.00%) (init= 0.2457369)
    tf:         1.0000e-09 +/- 0        (0.00%) (init= 1e-09)
    lambdaex:   0.488 (fixed)
    n:          1.33 (fixed)
[[Correlations]] (unreported correlations are <  0.100)
Color: R
[[Model]]
    Model(g)
[[Fit Statistics]]
    # function evals   = 22
    # data points      = 155
    # variables        = 2
    chi-square         = 150.706
    reduced chi-square = 0.985
[[Variables]]
    C:     0.8125 (fixed)
    wxy:   0.40415428 +/- 0.002699 (0.67%) (init= 0.3)
    D:     400.7 (fixed)
    wz:    3.61712081 +/- 0.030613 (0.85%) (init= 1)
[[Correlations]] (unreported correlations are <  0.100)
    C(wxy, wz)                   = -0.913 
[[Model]]
    Model(g_t)
[[Fit Statistics]]
    # function evals   = 36
    # data points      = 155
    # variables        = 4
    chi-square         = 150.706
    reduced chi-square = 0.998
[[Variables]]
    C:     0.8125 (fixed)
    D:     400.7 (fixed)
    F:     0.10000000 +/- 0        (0.00%) (init= 0.1)
    wxy:   0.40415428 +/- 0        (0.00%) (init= 0.3)
    tf:    1.0000e-09 +/- 0        (0.00%) (init= 1e-09)
    wz:    3.61712081 +/- 0        (0.00%) (init= 1)
[[Correlations]] (unreported correlations are <  0.100)
[[Model]]
    Model(g_n)
[[Fit Statistics]]
    # function evals   = 24
    # data points      = 155
    # variables        = 2
    chi-square         = 127.678
    reduced chi-square = 0.834
[[Variables]]
    a:          0.652 (fixed)
    C:          0.8125 (fixed)
    r0:         0.22492746 +/- 0.001141 (0.51%) (init= 0.15)
    D:          400.7 (fixed)
    lambdaem:   0.657 (fixed)
    w0:         0.34465900 +/- 0.004552 (1.32%) (init= 0.26)
    lambdaex:   0.633 (fixed)
    n:          1.33 (fixed)
[[Correlations]] (unreported correlations are <  0.100)
    C(r0, w0)                    = -0.881 
[[Model]]
    Model(g_nt)
[[Fit Statistics]]
    # function evals   = 12
    # data points      = 155
    # variables        = 4
    chi-square         = 127.678
    reduced chi-square = 0.846
[[Variables]]
    a:          0.652 (fixed)
    C:          0.8125 (fixed)
    r0:         0.22492767 +/- 0        (0.00%) (init= 0.2249275)
    D:          400.7 (fixed)
    F:          0.10000000 +/- 0        (0.00%) (init= 0.1)
    lambdaem:   0.657 (fixed)
    w0:         0.34465859 +/- 0        (0.00%) (init= 0.344659)
    tf:         1.0000e-09 +/- 0        (0.00%) (init= 1e-09)
    lambdaex:   0.633 (fixed)
    n:          1.33 (fixed)
[[Correlations]] (unreported correlations are <  0.100)
