Color: B
[[Model]]
    Model(g)
[[Fit Statistics]]
    # function evals   = 22
    # data points      = 155
    # variables        = 2
    chi-square         = 50.510
    reduced chi-square = 0.330
[[Variables]]
    C:     3.315625 (fixed)
    wxy:   0.30483235 +/- 0.001338 (0.44%) (init= 0.3)
    D:     419.01 (fixed)
    wz:    2.82127602 +/- 0.015275 (0.54%) (init= 1)
[[Correlations]] (unreported correlations are <  0.100)
    C(wxy, wz)                   = -0.907 
[[Model]]
    Model(g_t)
[[Fit Statistics]]
    # function evals   = 36
    # data points      = 155
    # variables        = 4
    chi-square         = 50.510
    reduced chi-square = 0.335
[[Variables]]
    C:     3.315625 (fixed)
    D:     419.01 (fixed)
    F:     0.10000000 +/- 0        (0.00%) (init= 0.1)
    wxy:   0.30483235 +/- 0        (0.00%) (init= 0.3)
    tf:    1.0000e-09 +/- 0        (0.00%) (init= 1e-09)
    wz:    2.82127602 +/- 0        (0.00%) (init= 1)
[[Correlations]] (unreported correlations are <  0.100)
[[Model]]
    Model(g_n)
[[Fit Statistics]]
    # function evals   = 22
    # data points      = 155
    # variables        = 2
    chi-square         = 47.455
    reduced chi-square = 0.310
[[Variables]]
    a:          0.522 (fixed)
    C:          3.315625 (fixed)
    r0:         0.17271768 +/- 0.000484 (0.28%) (init= 0.15)
    D:          419.01 (fixed)
    lambdaem:   0.519 (fixed)
    w0:         0.24643487 +/- 0.002392 (0.97%) (init= 0.26)
    lambdaex:   0.488 (fixed)
    n:          1.33 (fixed)
[[Correlations]] (unreported correlations are <  0.100)
    C(r0, w0)                    = -0.816 
[[Model]]
    Model(g_nt)
[[Fit Statistics]]
    # function evals   = 7
    # data points      = 155
    # variables        = 4
    chi-square         = 47.455
    reduced chi-square = 0.314
[[Variables]]
    a:          0.522 (fixed)
    C:          3.315625 (fixed)
    r0:         0.17271785 +/- 0        (0.00%) (init= 0.1727177)
    D:          419.01 (fixed)
    F:          0.10000000 +/- 0        (0.00%) (init= 0.1)
    lambdaem:   0.519 (fixed)
    w0:         0.24643424 +/- 0        (0.00%) (init= 0.2464349)
    tf:         1.0000e-09 +/- 0        (0.00%) (init= 1e-09)
    lambdaex:   0.488 (fixed)
    n:          1.33 (fixed)
[[Correlations]] (unreported correlations are <  0.100)
Color: R
[[Model]]
    Model(g)
[[Fit Statistics]]
    # function evals   = 22
    # data points      = 155
    # variables        = 2
    chi-square         = 28.589
    reduced chi-square = 0.187
[[Variables]]
    C:     3.25 (fixed)
    wxy:   0.40224295 +/- 0.000968 (0.24%) (init= 0.3)
    D:     400.7 (fixed)
    wz:    3.21298135 +/- 0.009975 (0.31%) (init= 1)
[[Correlations]] (unreported correlations are <  0.100)
    C(wxy, wz)                   = -0.924 
[[Model]]
    Model(g_t)
[[Fit Statistics]]
    # function evals   = 36
    # data points      = 155
    # variables        = 4
    chi-square         = 28.589
    reduced chi-square = 0.189
[[Variables]]
    C:     3.25 (fixed)
    D:     400.7 (fixed)
    F:     0.10000000 +/- 0        (0.00%) (init= 0.1)
    wxy:   0.40224295 +/- 0        (0.00%) (init= 0.3)
    tf:    1.0000e-09 +/- 0        (0.00%) (init= 1e-09)
    wz:    3.21298135 +/- 0        (0.00%) (init= 1)
[[Correlations]] (unreported correlations are <  0.100)
[[Model]]
    Model(g_n)
[[Fit Statistics]]
    # function evals   = 18
    # data points      = 155
    # variables        = 2
    chi-square         = 43.236
    reduced chi-square = 0.283
[[Variables]]
    a:          0.652 (fixed)
    C:          3.25 (fixed)
    r0:         0.20286039 +/- 0.000569 (0.28%) (init= 0.15)
    D:          400.7 (fixed)
    lambdaem:   0.657 (fixed)
    w0:         0.35279717 +/- 0.002113 (0.60%) (init= 0.26)
    lambdaex:   0.633 (fixed)
    n:          1.33 (fixed)
[[Correlations]] (unreported correlations are <  0.100)
    C(r0, w0)                    = -0.915 
[[Model]]
    Model(g_nt)
[[Fit Statistics]]
    # function evals   = 7
    # data points      = 155
    # variables        = 4
    chi-square         = 43.236
    reduced chi-square = 0.286
[[Variables]]
    a:          0.652 (fixed)
    C:          3.25 (fixed)
    r0:         0.20286062 +/- 0        (0.00%) (init= 0.2028604)
    D:          400.7 (fixed)
    F:          0.10000000 +/- 0        (0.00%) (init= 0.1)
    lambdaem:   0.657 (fixed)
    w0:         0.35279672 +/- 0        (0.00%) (init= 0.3527972)
    tf:         1.0000e-09 +/- 0        (0.00%) (init= 1e-09)
    lambdaex:   0.633 (fixed)
    n:          1.33 (fixed)
[[Correlations]] (unreported correlations are <  0.100)
