Color: B
[[Model]]
    Model(g)
[[Fit Statistics]]
    # function evals   = 22
    # data points      = 155
    # variables        = 2
    chi-square         = 191.832
    reduced chi-square = 1.254
[[Variables]]
    C:     13.2625 (fixed)
    wxy:   0.31051772 +/- 0.002614 (0.84%) (init= 0.3)
    D:     419.01 (fixed)
    wz:    2.76740473 +/- 0.029292 (1.06%) (init= 1)
[[Correlations]] (unreported correlations are <  0.100)
    C(wxy, wz)                   = -0.913 
[[Model]]
    Model(g_t)
[[Fit Statistics]]
    # function evals   = 36
    # data points      = 155
    # variables        = 4
    chi-square         = 191.832
    reduced chi-square = 1.270
[[Variables]]
    C:     13.2625 (fixed)
    D:     419.01 (fixed)
    F:     0.10000000 +/- 0        (0.00%) (init= 0.1)
    wxy:   0.31051772 +/- 0        (0.00%) (init= 0.3)
    tf:    1.0000e-09 +/- 0        (0.00%) (init= 1e-09)
    wz:    2.76740473 +/- 0        (0.00%) (init= 1)
[[Correlations]] (unreported correlations are <  0.100)
[[Model]]
    Model(g_n)
[[Fit Statistics]]
    # function evals   = 19
    # data points      = 155
    # variables        = 2
    chi-square         = 213.232
    reduced chi-square = 1.394
[[Variables]]
    a:          0.522 (fixed)
    C:          13.2625 (fixed)
    r0:         0.17160682 +/- 0.001114 (0.65%) (init= 0.15)
    D:          419.01 (fixed)
    lambdaem:   0.519 (fixed)
    w0:         0.25493865 +/- 0.005006 (1.96%) (init= 0.26)
    lambdaex:   0.488 (fixed)
    n:          1.33 (fixed)
[[Correlations]] (unreported correlations are <  0.100)
    C(r0, w0)                    = -0.854 
[[Model]]
    Model(g_nt)
[[Fit Statistics]]
    # function evals   = 6
    # data points      = 155
    # variables        = 4
    chi-square         = 213.232
    reduced chi-square = 1.412
[[Variables]]
    a:          0.522 (fixed)
    C:          13.2625 (fixed)
    r0:         0.17160586 +/- 0        (0.00%) (init= 0.1716068)
    D:          419.01 (fixed)
    F:          0.10000000 +/- 0        (0.00%) (init= 0.1)
    lambdaem:   0.519 (fixed)
    w0:         0.25494307 +/- 0        (0.00%) (init= 0.2549387)
    tf:         1.0000e-09 +/- 0        (0.00%) (init= 1e-09)
    lambdaex:   0.488 (fixed)
    n:          1.33 (fixed)
[[Correlations]] (unreported correlations are <  0.100)
Color: R
[[Model]]
    Model(g)
[[Fit Statistics]]
    # function evals   = 22
    # data points      = 155
    # variables        = 2
    chi-square         = 277.846
    reduced chi-square = 1.816
[[Variables]]
    C:     13 (fixed)
    wxy:   0.40972566 +/- 0.002928 (0.71%) (init= 0.3)
    D:     400.7 (fixed)
    wz:    2.98238727 +/- 0.028710 (0.96%) (init= 1)
[[Correlations]] (unreported correlations are <  0.100)
    C(wxy, wz)                   = -0.934 
[[Model]]
    Model(g_t)
[[Fit Statistics]]
    # function evals   = 36
    # data points      = 155
    # variables        = 4
    chi-square         = 277.846
    reduced chi-square = 1.840
[[Variables]]
    C:     13 (fixed)
    D:     400.7 (fixed)
    F:     0.10000000 +/- 0        (0.00%) (init= 0.1)
    wxy:   0.40972566 +/- 0        (0.00%) (init= 0.3)
    tf:    1.0000e-09 +/- 0        (0.00%) (init= 1e-09)
    wz:    2.98238727 +/- 0        (0.00%) (init= 1)
[[Correlations]] (unreported correlations are <  0.100)
[[Model]]
    Model(g_n)
[[Fit Statistics]]
    # function evals   = 22
    # data points      = 155
    # variables        = 2
    chi-square         = 342.576
    reduced chi-square = 2.239
[[Variables]]
    a:          0.652 (fixed)
    C:          13 (fixed)
    r0:         0.19051501 +/- 0.001677 (0.88%) (init= 0.15)
    D:          400.7 (fixed)
    lambdaem:   0.657 (fixed)
    w0:         0.36991461 +/- 0.005575 (1.51%) (init= 0.26)
    lambdaex:   0.633 (fixed)
    n:          1.33 (fixed)
[[Correlations]] (unreported correlations are <  0.100)
    C(r0, w0)                    = -0.938 
[[Model]]
    Model(g_nt)
[[Fit Statistics]]
    # function evals   = 7
    # data points      = 155
    # variables        = 4
    chi-square         = 342.576
    reduced chi-square = 2.269
[[Variables]]
    a:          0.652 (fixed)
    C:          13 (fixed)
    r0:         0.19051498 +/- 0        (0.00%) (init= 0.190515)
    D:          400.7 (fixed)
    F:          0.10000000 +/- 0        (0.00%) (init= 0.1)
    lambdaem:   0.657 (fixed)
    w0:         0.36991541 +/- 0        (0.00%) (init= 0.3699146)
    tf:         1.0000e-09 +/- 0        (0.00%) (init= 1e-09)
    lambdaex:   0.633 (fixed)
    n:          1.33 (fixed)
[[Correlations]] (unreported correlations are <  0.100)
